<?xml version="1.0" encoding="UTF-8"?>
<!-- Generated by org.testng.reporters.JUnitReportReporter -->
<testsuite skipped="0" hostname="UKL60YBN32" name="cucumberOptions.GBHotelBookingRunner" tests="1" failures="0" timestamp="22 Oct 2019 12:40:00 GMT" time="90.020" errors="0">
  <testcase name="feature" time="90.020" classname="cucumberOptions.GBHotelBookingRunner"/>
</testsuite> <!-- cucumberOptions.GBHotelBookingRunner -->
