<?xml version="1.0" encoding="UTF-8"?>
<!-- Generated by org.testng.reporters.JUnitReportReporter -->
<testsuite skipped="0" hostname="UKLF3GWKC2" name="cucumberOptions.TestRunner" tests="1" failures="0" timestamp="03 Apr 2019 08:42:58 GMT" time="49.900" errors="0">
  <testcase name="feature" time="49.900" classname="cucumberOptions.TestRunner"/>
</testsuite> <!-- cucumberOptions.TestRunner -->
