<?xml version="1.0" encoding="UTF-8"?>
<!-- Generated by org.testng.reporters.JUnitReportReporter -->
<testsuite skipped="0" hostname="UKL60YBN32" name="stepDefinitions.Hook" tests="1" failures="0" timestamp="09 Oct 2019 14:45:40 GMT" time="5.518" errors="0">
  <testcase name="InitializeTest" time="5.518" classname="stepDefinitions.Hook"/>
</testsuite> <!-- stepDefinitions.Hook -->
