<?xml version="1.0" encoding="UTF-8"?>
<!-- Generated by org.testng.reporters.JUnitReportReporter -->
<testsuite skipped="0" hostname="UKLF3GWKC2" name="TestRunners.HotelAmendNoOfPassengers" tests="1" failures="0" timestamp="13 Mar 2020 19:39:27 GMT" time="2162.323" errors="0">
  <testcase name="feature" time="2162.323" classname="TestRunners.HotelAmendNoOfPassengers"/>
</testsuite> <!-- TestRunners.HotelAmendNoOfPassengers -->
