<?xml version="1.0" encoding="UTF-8"?>
<!-- Generated by org.testng.reporters.JUnitReportReporter -->
<testsuite skipped="0" hostname="UKLF3GWKC2" name="cucumberOptions.InsuranceRunnerDE" tests="1" failures="0" timestamp="20 Dec 2019 15:08:33 GMT" time="586.720" errors="0">
  <testcase name="feature" time="586.720" classname="cucumberOptions.InsuranceRunnerDE"/>
</testsuite> <!-- cucumberOptions.InsuranceRunnerDE -->
