<?xml version="1.0" encoding="UTF-8"?>
<!-- Generated by org.testng.reporters.JUnitReportReporter -->
<testsuite skipped="0" hostname="UKLF3GWKC2" name="cucumberOptions.TestRunner" tests="9" failures="0" timestamp="02 Apr 2019 14:58:14 GMT" time="895.305" errors="2">
  <testcase name="feature" time="111.195" classname="cucumberOptions.TestRunner">
    <error type="cucumber.runtime.CucumberException" message="java.lang.IllegalArgumentException: bound must be positive">
      <![CDATA[cucumber.runtime.CucumberException: java.lang.IllegalArgumentException: bound must be positive
at cucumber.api.testng.TestNGCucumberRunner.runCucumber(TestNGCucumberRunner.java:69)
at cucumber.api.testng.AbstractTestNGCucumberTests.feature(AbstractTestNGCucumberTests.java:21)
at sun.reflect.NativeMethodAccessorImpl.invoke0(Native Method)
at sun.reflect.NativeMethodAccessorImpl.invoke(NativeMethodAccessorImpl.java:62)
at sun.reflect.DelegatingMethodAccessorImpl.invoke(DelegatingMethodAccessorImpl.java:43)
at java.lang.reflect.Method.invoke(Method.java:498)
at org.testng.internal.MethodInvocationHelper.invokeMethod(MethodInvocationHelper.java:124)
at org.testng.internal.Invoker.invokeMethod(Invoker.java:583)
at org.testng.internal.Invoker.invokeTestMethod(Invoker.java:719)
at org.testng.internal.Invoker.invokeTestMethods(Invoker.java:989)
at org.testng.internal.TestMethodWorker.invokeTestMethods(TestMethodWorker.java:125)
at org.testng.internal.TestMethodWorker.run(TestMethodWorker.java:109)
at org.testng.TestRunner.privateRun(TestRunner.java:648)
at org.testng.TestRunner.run(TestRunner.java:505)
at org.testng.SuiteRunner.runTest(SuiteRunner.java:455)
at org.testng.SuiteRunner.runSequentially(SuiteRunner.java:450)
at org.testng.SuiteRunner.privateRun(SuiteRunner.java:415)
at org.testng.SuiteRunner.run(SuiteRunner.java:364)
at org.testng.SuiteRunnerWorker.runSuite(SuiteRunnerWorker.java:52)
at org.testng.SuiteRunnerWorker.run(SuiteRunnerWorker.java:84)
at org.testng.TestNG.runSuitesSequentially(TestNG.java:1208)
at org.testng.TestNG.runSuitesLocally(TestNG.java:1137)
at org.testng.TestNG.runSuites(TestNG.java:1049)
at org.testng.TestNG.run(TestNG.java:1017)
at org.testng.remote.AbstractRemoteTestNG.run(AbstractRemoteTestNG.java:115)
at org.testng.remote.RemoteTestNG.initAndRun(RemoteTestNG.java:251)
at org.testng.remote.RemoteTestNG.main(RemoteTestNG.java:77)
Caused by: java.lang.IllegalArgumentException: bound must be positive
at java.util.Random.nextInt(Random.java:388)
at CBE.StayBeta.HotelSearchImpl.SelectMultipleRoomsSameTypeFromListInSearchResults(HotelSearchImpl.java:257)
at stepDefinitions.HotelSearchDefinitions.select_multiple_rooms_with_same_room_type_from_the_list_and_add_to_cart(HotelSearchDefinitions.java:63)
at ✽.And Select multiple rooms with same room type from the list and add to cart(HotelBooking7.feature:27)
]]>
    </error>
  </testcase> <!-- feature -->
  <testcase name="feature" time="70.551" classname="cucumberOptions.TestRunner"/>
  <testcase name="feature" time="84.678" classname="cucumberOptions.TestRunner"/>
  <testcase name="feature" time="112.022" classname="cucumberOptions.TestRunner">
    <error type="cucumber.runtime.CucumberException" message="java.lang.IllegalArgumentException: bound must be positive">
      <![CDATA[cucumber.runtime.CucumberException: java.lang.IllegalArgumentException: bound must be positive
at cucumber.api.testng.TestNGCucumberRunner.runCucumber(TestNGCucumberRunner.java:69)
at cucumber.api.testng.AbstractTestNGCucumberTests.feature(AbstractTestNGCucumberTests.java:21)
at sun.reflect.NativeMethodAccessorImpl.invoke0(Native Method)
at sun.reflect.NativeMethodAccessorImpl.invoke(NativeMethodAccessorImpl.java:62)
at sun.reflect.DelegatingMethodAccessorImpl.invoke(DelegatingMethodAccessorImpl.java:43)
at java.lang.reflect.Method.invoke(Method.java:498)
at org.testng.internal.MethodInvocationHelper.invokeMethod(MethodInvocationHelper.java:124)
at org.testng.internal.Invoker.invokeMethod(Invoker.java:583)
at org.testng.internal.Invoker.invokeTestMethod(Invoker.java:719)
at org.testng.internal.Invoker.invokeTestMethods(Invoker.java:989)
at org.testng.internal.TestMethodWorker.invokeTestMethods(TestMethodWorker.java:125)
at org.testng.internal.TestMethodWorker.run(TestMethodWorker.java:109)
at org.testng.TestRunner.privateRun(TestRunner.java:648)
at org.testng.TestRunner.run(TestRunner.java:505)
at org.testng.SuiteRunner.runTest(SuiteRunner.java:455)
at org.testng.SuiteRunner.runSequentially(SuiteRunner.java:450)
at org.testng.SuiteRunner.privateRun(SuiteRunner.java:415)
at org.testng.SuiteRunner.run(SuiteRunner.java:364)
at org.testng.SuiteRunnerWorker.runSuite(SuiteRunnerWorker.java:52)
at org.testng.SuiteRunnerWorker.run(SuiteRunnerWorker.java:84)
at org.testng.TestNG.runSuitesSequentially(TestNG.java:1208)
at org.testng.TestNG.runSuitesLocally(TestNG.java:1137)
at org.testng.TestNG.runSuites(TestNG.java:1049)
at org.testng.TestNG.run(TestNG.java:1017)
at org.testng.remote.AbstractRemoteTestNG.run(AbstractRemoteTestNG.java:115)
at org.testng.remote.RemoteTestNG.initAndRun(RemoteTestNG.java:251)
at org.testng.remote.RemoteTestNG.main(RemoteTestNG.java:77)
Caused by: java.lang.IllegalArgumentException: bound must be positive
at java.util.Random.nextInt(Random.java:388)
at CBE.StayBeta.HotelSearchImpl.SelectMultipleRoomsDifferentTypeFromListInSearchResults(HotelSearchImpl.java:282)
at stepDefinitions.HotelSearchDefinitions.select_multiple_rooms_with_different_room_type_from_the_list_and_add_to_cart(HotelSearchDefinitions.java:71)
at ✽.And Select multiple rooms with different room type from the list and add to cart(HotelBooking8.feature:27)
]]>
    </error>
  </testcase> <!-- feature -->
  <testcase name="feature" time="138.813" classname="cucumberOptions.TestRunner"/>
  <testcase name="feature" time="67.338" classname="cucumberOptions.TestRunner"/>
  <testcase name="feature" time="117.307" classname="cucumberOptions.TestRunner"/>
  <testcase name="feature" time="101.017" classname="cucumberOptions.TestRunner"/>
  <testcase name="feature" time="92.384" classname="cucumberOptions.TestRunner"/>
</testsuite> <!-- cucumberOptions.TestRunner -->
