<?xml version="1.0" encoding="UTF-8"?>
<!-- Generated by org.testng.reporters.JUnitReportReporter -->
<testsuite skipped="0" hostname="UKL60YBN32" name="cucumberOptions.TestRunner" tests="1" failures="0" timestamp="21 Oct 2019 16:21:37 GMT" time="91.659" errors="0">
  <testcase name="feature" time="91.659" classname="cucumberOptions.TestRunner"/>
</testsuite> <!-- cucumberOptions.TestRunner -->
