<?xml version="1.0" encoding="UTF-8"?>
<!-- Generated by org.testng.reporters.JUnitReportReporter -->
<testsuite skipped="0" hostname="UKLF3GWKC2" name="TestRunners.HotelCostQuote" tests="1" failures="0" timestamp="13 Mar 2020 18:09:34 GMT" time="930.325" errors="0">
  <testcase name="feature" time="930.325" classname="TestRunners.HotelCostQuote"/>
</testsuite> <!-- TestRunners.HotelCostQuote -->
