<?xml version="1.0" encoding="UTF-8"?>
<!-- Generated by org.testng.reporters.JUnitReportReporter -->
<testsuite skipped="0" hostname="UKL60YBN32" name="Base.commonfunctions" tests="1" failures="0" timestamp="16 Oct 2019 16:03:09 GMT" time="0.024" errors="0">
  <testcase name="getDOB" time="0.024" classname="Base.commonfunctions"/>
</testsuite> <!-- Base.commonfunctions -->
