<?xml version="1.0" encoding="UTF-8"?>
<!-- Generated by org.testng.reporters.JUnitReportReporter -->
<testsuite skipped="0" hostname="UKL60YBN32" name="cucumberOptions.Amend_AddPassenger" tests="1" failures="0" timestamp="04 Nov 2019 16:51:49 GMT" time="415.851" errors="0">
  <testcase name="feature" time="415.851" classname="cucumberOptions.Amend_AddPassenger"/>
</testsuite> <!-- cucumberOptions.Amend_AddPassenger -->
