<?xml version="1.0" encoding="UTF-8"?>
<!-- Generated by org.testng.reporters.JUnitReportReporter -->
<testsuite skipped="0" hostname="UKLF3GWKC2" name="cucumberOptions.TestRunner" tests="1" failures="0" timestamp="01 Apr 2019 15:44:50 GMT" time="71.990" errors="0">
  <testcase name="feature" time="71.990" classname="cucumberOptions.TestRunner"/>
</testsuite> <!-- cucumberOptions.TestRunner -->
