<?xml version="1.0" encoding="UTF-8"?>
<!-- Generated by org.testng.reporters.JUnitReportReporter -->
<testsuite skipped="0" hostname="UKL60YBN32" name="cucumberOptions.TestRunner" tests="1" failures="0" timestamp="28 Oct 2019 09:02:57 GMT" time="282.630" errors="0">
  <testcase name="feature" time="282.630" classname="cucumberOptions.TestRunner"/>
</testsuite> <!-- cucumberOptions.TestRunner -->
