<?xml version="1.0" encoding="UTF-8"?>
<!-- Generated by org.testng.reporters.JUnitReportReporter -->
<testsuite skipped="0" hostname="UKL60YBN32" name="Base.funtions" tests="1" failures="0" timestamp="08 Nov 2019 09:41:43 GMT" time="0.031" errors="0">
  <testcase name="copyDirectory" time="0.031" classname="Base.funtions"/>
</testsuite> <!-- Base.funtions -->
