<?xml version="1.0" encoding="UTF-8"?>
<!-- Generated by org.testng.reporters.JUnitReportReporter -->
<testsuite skipped="0" hostname="UKL60YBN32" name="Base.funtions" tests="1" failures="0" timestamp="04 Dec 2019 11:45:53 GMT" time="0.888" errors="0">
  <testcase name="createexcelbook" time="0.888" classname="Base.funtions"/>
</testsuite> <!-- Base.funtions -->
