<?xml version="1.0" encoding="UTF-8"?>
<!-- Generated by org.testng.reporters.JUnitReportReporter -->
<testsuite skipped="0" hostname="UKL60YBN32" name="Base.commonfunctions" tests="1" failures="0" timestamp="11 Oct 2019 14:35:23 GMT" time="0.017" errors="0">
  <testcase name="selectdate" time="0.017" classname="Base.commonfunctions"/>
</testsuite> <!-- Base.commonfunctions -->
