<?xml version="1.0" encoding="UTF-8"?>
<!-- Generated by org.testng.reporters.JUnitReportReporter -->
<testsuite skipped="0" hostname="UKL60YBN32" name="Base.funtions" tests="1" failures="0" timestamp="27 Nov 2019 11:26:59 GMT" time="2.446" errors="0">
  <testcase name="pushdata" time="2.446" classname="Base.funtions"/>
</testsuite> <!-- Base.funtions -->
