<?xml version="1.0" encoding="UTF-8"?>
<!-- Generated by org.testng.reporters.JUnitReportReporter -->
<testsuite skipped="0" hostname="UKLF3GWKC2" name="TestRunners.TransfersBookAndCancel" tests="1" failures="0" timestamp="13 Mar 2020 15:55:28 GMT" time="621.695" errors="0">
  <testcase name="feature" time="621.695" classname="TestRunners.TransfersBookAndCancel"/>
</testsuite> <!-- TestRunners.TransfersBookAndCancel -->
